app/build/intermediates/manifest_merge_blame_file/debug/manifest-merger-blame-debug-report.txt
1<?xml version="1.0" encoding="utf-8"?>
2<manifest xmlns:android="http://schemas.android.com/apk/res/android"
3    package="com.example.pixabaytt"
4    android:versionCode="1"
5    android:versionName="1.0" >
6
7    <uses-sdk
8        android:minSdkVersion="23"
8-->src\main\AndroidManifest.xml
9        android:targetSdkVersion="33" />
9-->src\main\AndroidManifest.xml
10
11    <uses-permission android:name="android.permission.INTERNET" />
11-->src\main\AndroidManifest.xml:4:5-66
11-->src\main\AndroidManifest.xml:4:22-64
12    <uses-permission android:name="android.permission.SET_WALLPAPER" />
12-->src\main\AndroidManifest.xml:5:5-71
12-->src\main\AndroidManifest.xml:5:22-69
13
14    <permission
14-->[androidx.core:core:1.9.0] AndroidManifest.xml:22:5-24:47
15        android:name="com.example.pixabaytt.DYNAMIC_RECEIVER_NOT_EXPORTED_PERMISSION"
15-->[androidx.core:core:1.9.0] AndroidManifest.xml:23:9-81
16        android:protectionLevel="signature" />
16-->[androidx.core:core:1.9.0] AndroidManifest.xml:24:9-44
17
18    <uses-permission android:name="com.example.pixabaytt.DYNAMIC_RECEIVER_NOT_EXPORTED_PERMISSION" />
18-->[androidx.core:core:1.9.0] AndroidManifest.xml:26:5-97
18-->[androidx.core:core:1.9.0] AndroidManifest.xml:26:22-94
19
20    <application
20-->src\main\AndroidManifest.xml:7:5-33:19
21        android:name="com.example.pixabaytt.app.PixabayTT"
21-->src\main\AndroidManifest.xml:8:9-59
22        android:allowBackup="true"
22-->src\main\AndroidManifest.xml:9:9-35
23        android:appComponentFactory="androidx.core.app.CoreComponentFactory"
23-->[androidx.core:core:1.9.0] AndroidManifest.xml:28:18-86
24        android:debuggable="true"
25        android:extractNativeLibs="false"
26        android:icon="@mipmap/ic_launcher"
26-->src\main\AndroidManifest.xml:10:9-43
27        android:label="@string/app_name"
27-->src\main\AndroidManifest.xml:11:9-41
28        android:roundIcon="@mipmap/ic_launcher_round"
28-->src\main\AndroidManifest.xml:12:9-54
29        android:testOnly="true"
30        android:theme="@style/SplashScreenTheme"
30-->src\main\AndroidManifest.xml:13:9-49
31        android:usesCleartextTraffic="true" >
31-->src\main\AndroidManifest.xml:14:9-44
32        <activity
32-->src\main\AndroidManifest.xml:15:9-25:20
33            android:name="com.example.pixabaytt.app.activity.SplashActivity"
33-->src\main\AndroidManifest.xml:16:13-77
34            android:exported="true"
34-->src\main\AndroidManifest.xml:17:13-36
35            android:theme="@style/SplashScreenTheme" >
35-->src\main\AndroidManifest.xml:18:13-53
36            <intent-filter>
36-->src\main\AndroidManifest.xml:19:13-24:29
37                <action android:name="android.intent.action.MAIN" />
37-->src\main\AndroidManifest.xml:20:17-69
37-->src\main\AndroidManifest.xml:20:25-66
38                <action android:name="android.intent.action.VIEW" />
38-->src\main\AndroidManifest.xml:21:17-68
38-->src\main\AndroidManifest.xml:21:25-66
39
40                <category android:name="android.intent.category.LAUNCHER" />
40-->src\main\AndroidManifest.xml:23:17-77
40-->src\main\AndroidManifest.xml:23:27-74
41            </intent-filter>
42        </activity>
43        <activity
43-->src\main\AndroidManifest.xml:27:9-32:20
44            android:name="com.example.pixabaytt.app.activity.MainActivity"
44-->src\main\AndroidManifest.xml:28:13-75
45            android:exported="true"
45-->src\main\AndroidManifest.xml:30:13-36
46            android:theme="@style/Theme.Pixabay" >
46-->src\main\AndroidManifest.xml:29:13-49
47        </activity>
48
49        <uses-library
49-->[androidx.window:window:1.0.0] AndroidManifest.xml:25:9-27:40
50            android:name="androidx.window.extensions"
50-->[androidx.window:window:1.0.0] AndroidManifest.xml:26:13-54
51            android:required="false" />
51-->[androidx.window:window:1.0.0] AndroidManifest.xml:27:13-37
52        <uses-library
52-->[androidx.window:window:1.0.0] AndroidManifest.xml:28:9-30:40
53            android:name="androidx.window.sidecar"
53-->[androidx.window:window:1.0.0] AndroidManifest.xml:29:13-51
54            android:required="false" />
54-->[androidx.window:window:1.0.0] AndroidManifest.xml:30:13-37
55
56        <provider
56-->[androidx.emoji2:emoji2:1.2.0] AndroidManifest.xml:24:9-32:20
57            android:name="androidx.startup.InitializationProvider"
57-->[androidx.emoji2:emoji2:1.2.0] AndroidManifest.xml:25:13-67
58            android:authorities="com.example.pixabaytt.androidx-startup"
58-->[androidx.emoji2:emoji2:1.2.0] AndroidManifest.xml:26:13-68
59            android:exported="false" >
59-->[androidx.emoji2:emoji2:1.2.0] AndroidManifest.xml:27:13-37
60            <meta-data
60-->[androidx.emoji2:emoji2:1.2.0] AndroidManifest.xml:29:13-31:52
61                android:name="androidx.emoji2.text.EmojiCompatInitializer"
61-->[androidx.emoji2:emoji2:1.2.0] AndroidManifest.xml:30:17-75
62                android:value="androidx.startup" />
62-->[androidx.emoji2:emoji2:1.2.0] AndroidManifest.xml:31:17-49
63            <meta-data
63-->[androidx.lifecycle:lifecycle-process:2.4.1] AndroidManifest.xml:31:13-33:52
64                android:name="androidx.lifecycle.ProcessLifecycleInitializer"
64-->[androidx.lifecycle:lifecycle-process:2.4.1] AndroidManifest.xml:32:17-78
65                android:value="androidx.startup" />
65-->[androidx.lifecycle:lifecycle-process:2.4.1] AndroidManifest.xml:33:17-49
66        </provider>
67        <provider
67-->[com.squareup.picasso:picasso:2.8] AndroidManifest.xml:8:9-11:40
68            android:name="com.squareup.picasso.PicassoProvider"
68-->[com.squareup.picasso:picasso:2.8] AndroidManifest.xml:9:13-64
69            android:authorities="com.example.pixabaytt.com.squareup.picasso"
69-->[com.squareup.picasso:picasso:2.8] AndroidManifest.xml:10:13-72
70            android:exported="false" />
70-->[com.squareup.picasso:picasso:2.8] AndroidManifest.xml:11:13-37
71    </application>
72
73</manifest>